Arguments: 
  /Users/tangliangcheng/.nvm/versions/node/v16.14.0/bin/node /Users/tangliangcheng/.nvm/versions/node/v16.14.0/bin/yarn

PATH: 
  /Users/tangliangcheng/.nvm/versions/node/v16.14.0/bin:/usr/bin:/Users/tangliangcheng/opt/flutter/bin:/usr/local/bin:/usr/bin:/bin:/usr/sbin:/sbin:/Library/Apple/usr/bin:/Applications/Android\ Studio.app/Contents/gradle/gradle-4.10.2/bin:/Users/tangliangcheng/Library/Android/sdk/tools:/Users/tangliangcheng/Library/Android/sdk/platform-tools

Yarn version: 
  1.22.17

Node version: 
  16.14.0

Platform: 
  darwin x64

Trace: 
  Error: https://registry.yarnpkg.com/@types%2freact: tunneling socket could not be established, statusCode=500
      at ClientRequest.onConnect (/Users/tangliangcheng/.nvm/versions/node/v16.14.0/lib/node_modules/yarn/lib/cli.js:152358:19)
      at Object.onceWrapper (node:events:640:26)
      at ClientRequest.emit (node:events:520:28)
      at Socket.socketOnData (node:_http_client:522:11)
      at Socket.emit (node:events:520:28)
      at addChunk (node:internal/streams/readable:315:12)
      at readableAddChunk (node:internal/streams/readable:289:9)
      at Socket.Readable.push (node:internal/streams/readable:228:10)
      at TCP.onStreamRead (node:internal/stream_base_commons:190:23)

npm manifest: 
  {
    "name": "qiankun",
    "version": "2.6.3",
    "description": "A completed implementation of Micro Frontends",
    "keywords": [
      "micro frontend",
      "microfrontend",
      "micro frontends",
      "micro-frontend",
      "micro-frontends",
      "microservice"
    ],
    "main": "./lib/index.js",
    "module": "./es/index.js",
    "types": "./es/index.d.ts",
    "sideEffects": false,
    "scripts": {
      "examples:install": "npm-run-all --serial build install:*",
      "examples:start": "npm-run-all --parallel start:*",
      "examples:start-multiple": "run-p start-main-multiple start:react15 start:vue",
      "install:main": "cd examples/main && yarn",
      "start:main": "cd examples/main && yarn start",
      "start-main-multiple": "cd examples/main && yarn start:multiple",
      "install:react16": "cd examples/react16 && yarn",
      "start:react16": "cd examples/react16 && yarn start",
      "install:react15": "cd examples/react15 && yarn",
      "start:react15": "cd examples/react15 && yarn start",
      "install:vue": "cd examples/vue && yarn",
      "start:vue": "cd examples/vue && yarn start",
      "install:angular9": "cd examples/angular9 && yarn",
      "start:angular9": "cd examples/angular9 && yarn serve:qiankun",
      "install:purehtml": "cd examples/purehtml && yarn",
      "start:purehtml": "cd examples/purehtml && yarn start",
      "install:vue3": "cd examples/vue3 && yarn",
      "start:vue3": "cd examples/vue3 && yarn start",
      "build": "father-build",
      "release": "np --no-cleanup --yolo --no-publish",
      "prepublishOnly": "yarn ci",
      "lint": "yarn lint:js && yarn lint:prettier",
      "lint:js": "eslint --cache --ext .js,.jsx,.ts,.tsx --format=pretty ./src",
      "lint:fix": "yarn lint:js -- --fix",
      "lint:prettier": "prettier -c ./src/**/*",
      "prettier": "prettier --write ./src/**/*",
      "docs:dev": "dumi dev",
      "docs:build": "dumi build",
      "ci": "yarn lint && yarn build && yarn test",
      "test": "cross-env NODE_ENV=test jest"
    },
    "repository": {
      "type": "git",
      "url": "git+https://github.com/kuitos/qiankun.git"
    },
    "files": [
      "dist",
      "es",
      "lib"
    ],
    "author": "Kuitos",
    "license": "MIT",
    "bugs": {
      "url": "https://github.com/kuitos/qiankun/issues"
    },
    "homepage": "https://github.com/kuitos/qiankun#readme",
    "dependencies": {
      "@babel/runtime": "^7.10.5",
      "import-html-entry": "^1.9.0",
      "lodash": "^4.17.11",
      "single-spa": "^5.9.2",
      "tslib": "^1.10.0"
    },
    "devDependencies": {
      "@types/jest": "^25.1.4",
      "@types/lodash": "^4.14.129",
      "@types/vfile-message": "1.x",
      "@umijs/fabric": "^2.0.7",
      "babel-plugin-import": "^1.12.1",
      "cross-env": "^7.0.2",
      "dumi": "^1.1.0-beta.24",
      "father-build": "^1.7.0",
      "husky": "^2.3.0",
      "jest": "^25.2.2",
      "levenary": "^1.1.1",
      "lint-staged": "^10.5.4",
      "np": "^5.0.3",
      "npm-run-all": "^4.1.5",
      "prettier": "^2.1.2",
      "rimraf": "^3.0.0",
      "ts-jest": "^25.2.1",
      "typescript": "^4.1.2",
      "umi-plugin-hire": "^1.0.3"
    },
    "resolutions": {
      "@types/react": "^17.x"
    },
    "husky": {
      "hooks": {
        "pre-commit": "lint-staged",
        "pre-push": "yarn test"
      }
    },
    "lint-staged": {
      "**/*.{js,ts,json,css,md}": [
        "prettier -w"
      ],
      "**/*.{js,ts}": [
        "yarn lint:fix"
      ]
    },
    "jest": {
      "moduleFileExtensions": [
        "js",
        "ts"
      ],
      "testMatch": [
        "<rootDir>/src/**/__tests__/**/*.test.ts"
      ],
      "testPathIgnorePatterns": [
        "/node_modules/",
        "/fixtures/"
      ],
      "transform": {
        "^.+\\.ts$": "<rootDir>/node_modules/ts-jest"
      },
      "coveragePathIgnorePatterns": [
        "/node_modules/",
        "/__tests__/",
        "/dist/"
      ]
    }
  }

yarn manifest: 
  No manifest

Lockfile: 
  No lockfile
